Using pre-set license
Built from '2021.2/staging' branch; Version is '2021.2.8f1 (d0e5f0a7b06a) revision 13690352'; Using compiler version '192829333'; Build Type 'Release'
OS: 'Windows 10  (10.0.19044) 64bit CoreSingleLanguage' Language: 'ru' Physical Memory: 12204 MB
BatchMode: 1, IsHumanControllingUs: 0, StartBugReporterOnCrash: 0, Is64bit: 1, IsPro: 0

COMMAND LINE ARGUMENTS:
D:\UnityEditor\2021.2.8f1\Editor\Unity.exe
-adb2
-batchMode
-noUpm
-name
AssetImportWorker1
-projectPath
D:/Unity projects/mobbbeeesss
-logFile
Logs/AssetImportWorker1.log
-srvPort
55872
Successfully changed project path to: D:/Unity projects/mobbbeeesss
D:/Unity projects/mobbbeeesss
[UnityMemory] Configuration Parameters - Can be set up in boot.config
    "memorysetup-bucket-allocator-granularity=16"
    "memorysetup-bucket-allocator-bucket-count=8"
    "memorysetup-bucket-allocator-block-size=33554432"
    "memorysetup-bucket-allocator-block-count=8"
    "memorysetup-main-allocator-block-size=16777216"
    "memorysetup-thread-allocator-block-size=16777216"
    "memorysetup-gfx-main-allocator-block-size=16777216"
    "memorysetup-gfx-thread-allocator-block-size=16777216"
    "memorysetup-cache-allocator-block-size=4194304"
    "memorysetup-typetree-allocator-block-size=2097152"
    "memorysetup-profiler-bucket-allocator-granularity=16"
    "memorysetup-profiler-bucket-allocator-bucket-count=8"
    "memorysetup-profiler-bucket-allocator-block-size=33554432"
    "memorysetup-profiler-bucket-allocator-block-count=8"
    "memorysetup-profiler-allocator-block-size=16777216"
    "memorysetup-profiler-editor-allocator-block-size=1048576"
    "memorysetup-temp-allocator-size-main=16777216"
    "memorysetup-job-temp-allocator-block-size=2097152"
    "memorysetup-job-temp-allocator-block-size-background=1048576"
    "memorysetup-job-temp-allocator-reduction-small-platforms=262144"
    "memorysetup-temp-allocator-size-background-worker=32768"
    "memorysetup-temp-allocator-size-job-worker=262144"
    "memorysetup-temp-allocator-size-preload-manager=33554432"
    "memorysetup-temp-allocator-size-nav-mesh-worker=65536"
    "memorysetup-temp-allocator-size-audio-worker=65536"
    "memorysetup-temp-allocator-size-cloud-worker=32768"
    "memorysetup-temp-allocator-size-gi-baking-worker=262144"
    "memorysetup-temp-allocator-size-gfx=262144"
Refreshing native plugins compatible for Editor in 58.54 ms, found 2 plugins.
Preloading 0 native plugins for Editor in 0.00 ms.
Initialize engine version: 2021.2.8f1 (d0e5f0a7b06a)
[Subsystems] Discovering subsystems at path D:/UnityEditor/2021.2.8f1/Editor/Data/Resources/UnitySubsystems
[Subsystems] Discovering subsystems at path D:/Unity projects/mobbbeeesss/Assets
GfxDevice: creating device client; threaded=0; jobified=0
Direct3D:
    Version:  Direct3D 11.0 [level 11.1]
    Renderer: Radeon(TM) 520 (ID=0x6660)
    Vendor:   ATI
    VRAM:     2039 MB
    Driver:   21.19.412.1280
Initialize mono
Mono path[0] = 'D:/UnityEditor/2021.2.8f1/Editor/Data/Managed'
Mono path[1] = 'D:/UnityEditor/2021.2.8f1/Editor/Data/MonoBleedingEdge/lib/mono/unityjit-win32'
Mono config path = 'D:/UnityEditor/2021.2.8f1/Editor/Data/MonoBleedingEdge/etc'
Using monoOptions --debugger-agent=transport=dt_socket,embedding=1,server=y,suspend=n,address=127.0.0.1:56616
Begin MonoManager ReloadAssembly
Registering precompiled unity dll's ...
Register platform support module: D:/UnityEditor/2021.2.8f1/Editor/Data/PlaybackEngines/WindowsStandaloneSupport/UnityEditor.WindowsStandalone.Extensions.dll
Registered in 0.005864 seconds.
Native extension for WindowsStandalone target not found
Refreshing native plugins compatible for Editor in 59.30 ms, found 2 plugins.
Preloading 0 native plugins for Editor in 0.00 ms.
Mono: successfully reloaded assembly
- Completed reload, in  1.206 seconds
Domain Reload Profiling:
	ReloadAssembly (1207ms)
		BeginReloadAssembly (207ms)
			ExecutionOrderSort (0ms)
			DisableScriptedObjects (0ms)
			BackupInstance (0ms)
			ReleaseScriptingObjects (0ms)
			CreateAndSetChildDomain (1ms)
		EndReloadAssembly (833ms)
			LoadAssemblies (207ms)
			RebuildTransferFunctionScriptingTraits (0ms)
			SetupTypeCache (213ms)
			ReleaseScriptCaches (0ms)
			RebuildScriptCaches (59ms)
			SetupLoadedEditorAssemblies (448ms)
				LogAssemblyErrors (0ms)
				InitializePlatformSupportModulesInManaged (28ms)
				SetLoadedEditorAssemblies (0ms)
				RefreshPlugins (59ms)
				BeforeProcessingInitializeOnLoad (3ms)
				ProcessInitializeOnLoadAttributes (264ms)
				ProcessInitializeOnLoadMethodAttributes (93ms)
				AfterProcessingInitializeOnLoad (0ms)
				EditorAssembliesLoaded (0ms)
			ExecutionOrderSort2 (0ms)
			AwakeInstancesAfterBackupRestoration (0ms)
Platform modules already initialized, skipping
Registering precompiled user dll's ...
Registered in 0.005463 seconds.
Begin MonoManager ReloadAssembly
Native extension for WindowsStandalone target not found
Refreshing native plugins compatible for Editor in 0.46 ms, found 2 plugins.
Preloading 0 native plugins for Editor in 0.00 ms.
Mono: successfully reloaded assembly
- Completed reload, in  7.144 seconds
Domain Reload Profiling:
	ReloadAssembly (7146ms)
		BeginReloadAssembly (551ms)
			ExecutionOrderSort (0ms)
			DisableScriptedObjects (61ms)
			BackupInstance (0ms)
			ReleaseScriptingObjects (0ms)
			CreateAndSetChildDomain (116ms)
		EndReloadAssembly (6274ms)
			LoadAssemblies (3044ms)
			RebuildTransferFunctionScriptingTraits (0ms)
			SetupTypeCache (1117ms)
			ReleaseScriptCaches (1ms)
			RebuildScriptCaches (88ms)
			SetupLoadedEditorAssemblies (2083ms)
				LogAssemblyErrors (0ms)
				InitializePlatformSupportModulesInManaged (21ms)
				SetLoadedEditorAssemblies (1ms)
				RefreshPlugins (1ms)
				BeforeProcessingInitializeOnLoad (85ms)
				ProcessInitializeOnLoadAttributes (491ms)
				ProcessInitializeOnLoadMethodAttributes (1479ms)
				AfterProcessingInitializeOnLoad (6ms)
				EditorAssembliesLoaded (0ms)
			ExecutionOrderSort2 (0ms)
			AwakeInstancesAfterBackupRestoration (11ms)
Platform modules already initialized, skipping
========================================================================
Worker process is ready to serve import requests
Launched and connected shader compiler UnityShaderCompiler.exe after 0.21 seconds
Refreshing native plugins compatible for Editor in 0.76 ms, found 2 plugins.
Preloading 0 native plugins for Editor in 0.00 ms.
Unloading 1572 Unused Serialized files (Serialized files now loaded: 0)
Unloading 19 unused Assets / (48.3 KB). Loaded Objects now: 2038.
Memory consumption went from 70.1 MB to 70.0 MB.
Total: 5.239400 ms (FindLiveObjects: 0.394400 ms CreateObjectMapping: 0.109600 ms MarkObjects: 4.580300 ms  DeleteObjects: 0.152300 ms)

AssetImportParameters requested are different than current active one (requested -> active):
  custom:video-decoder-ogg-theora: a1e56fd34408186e4bbccfd4996cb3dc -> 
  custom:container-muxer-webm: aa71ff27fc2769a1b78a27578f13a17b -> 
  custom:container-demuxer-webm: 4f35f7cbe854078d1ac9338744f61a02 -> 
  custom:video-encoder-webm-vp8: eb34c28f22e8b96e1ab97ce403110664 -> 
  custom:audio-encoder-webm-vorbis: bf7c407c2cedff20999df2af8eb42d56 -> 
  custom:framework-win-MediaFoundation: 216162199b28c13a410421893ffa2e32 -> 
  custom:container-demuxer-ogg: 62fdf1f143b41e24485cea50d1cbac27 -> 
  custom:video-decoder-webm-vp8: 9c59270c3fd7afecdb556c50c9e8de78 -> 
  custom:audio-decoder-ogg-vorbis: bf7c407c2cedff20999df2af8eb42d56 -> 
========================================================================
Received Import Request.
  Time since last request: 758553.679190 seconds.
  path: Assets/ARTechGameFramework/AI/BehaviourTree/Tasks/TeleportFromTypesNode.cs
  artifactKey: Guid(56a3bb3096e823a49b7e11e219c1d9d4) Importer(815301076,1909f56bfc062723c751e8b465ee728b)
Start importing Assets/ARTechGameFramework/AI/BehaviourTree/Tasks/TeleportFromTypesNode.cs using Guid(56a3bb3096e823a49b7e11e219c1d9d4) Importer(815301076,1909f56bfc062723c751e8b465ee728b)  -> (artifact id: '34c7c5c5b94ca865727b4230ed66e23d') in 0.116669 seconds 
========================================================================
Received Import Request.
  Time since last request: 0.095066 seconds.
  path: Assets/ARTechGameFramework/Examples/Projectiles/DefaultBullet.cs
  artifactKey: Guid(b0369a03c7311bc45b554de414a49f81) Importer(815301076,1909f56bfc062723c751e8b465ee728b)
Start importing Assets/ARTechGameFramework/Examples/Projectiles/DefaultBullet.cs using Guid(b0369a03c7311bc45b554de414a49f81) Importer(815301076,1909f56bfc062723c751e8b465ee728b)  -> (artifact id: '83ccd6a169c040906964f047dc0cbc8c') in 0.012419 seconds 
========================================================================
Received Import Request.
  Time since last request: 0.058131 seconds.
  path: Assets/jade goast wisp/JadeGoastAttackHandler.cs
  artifactKey: Guid(3235a0bf64fee1146affda9aac97f403) Importer(815301076,1909f56bfc062723c751e8b465ee728b)
Start importing Assets/jade goast wisp/JadeGoastAttackHandler.cs using Guid(3235a0bf64fee1146affda9aac97f403) Importer(815301076,1909f56bfc062723c751e8b465ee728b)  -> (artifact id: '91fc4a26e1b327374d9ce067afc01823') in 0.010742 seconds 
========================================================================
Received Import Request.
  Time since last request: 0.016704 seconds.
  path: Assets/ARTechGameFramework/Entities/Player.cs
  artifactKey: Guid(c45626cc27e0fe7429854a2bf35afdaa) Importer(815301076,1909f56bfc062723c751e8b465ee728b)
Start importing Assets/ARTechGameFramework/Entities/Player.cs using Guid(c45626cc27e0fe7429854a2bf35afdaa) Importer(815301076,1909f56bfc062723c751e8b465ee728b)  -> (artifact id: '9c4526b27ac8722781bc61bad9678262') in 0.010974 seconds 
========================================================================
Received Import Request.
  Time since last request: 0.051153 seconds.
  path: Assets/ARTechGameFramework/Entities/Projectile.cs
  artifactKey: Guid(5e73f9cbb45e6cc479eafcde6582505c) Importer(815301076,1909f56bfc062723c751e8b465ee728b)
Start importing Assets/ARTechGameFramework/Entities/Projectile.cs using Guid(5e73f9cbb45e6cc479eafcde6582505c) Importer(815301076,1909f56bfc062723c751e8b465ee728b)  -> (artifact id: '5e7b7747fc503238959a1a11aba02263') in 0.014638 seconds 
========================================================================
Received Import Request.
  Time since last request: 0.019883 seconds.
  path: Assets/ARTechGameFramework/Battles/IMeleeAttackHandler.cs
  artifactKey: Guid(40d2677e974f0984c805fb40bd8eb750) Importer(815301076,1909f56bfc062723c751e8b465ee728b)
Start importing Assets/ARTechGameFramework/Battles/IMeleeAttackHandler.cs using Guid(40d2677e974f0984c805fb40bd8eb750) Importer(815301076,1909f56bfc062723c751e8b465ee728b)  -> (artifact id: 'c08ec17437eea0684e692ea9deb7189b') in 0.009251 seconds 
========================================================================
Received Import Request.
  Time since last request: 0.019709 seconds.
  path: Assets/ARTechGameFramework/AI/BehaviourTree/Tasks/RangedAttackNode.cs
  artifactKey: Guid(ae2ada0bc6e5c6f4896c48151b4d68d4) Importer(815301076,1909f56bfc062723c751e8b465ee728b)
Start importing Assets/ARTechGameFramework/AI/BehaviourTree/Tasks/RangedAttackNode.cs using Guid(ae2ada0bc6e5c6f4896c48151b4d68d4) Importer(815301076,1909f56bfc062723c751e8b465ee728b)  -> (artifact id: '26699aa615770fcd132fa690dd05a19c') in 0.012148 seconds 
========================================================================
Received Import Request.
  Time since last request: 0.015897 seconds.
  path: Assets/ARTechGameFramework/Examples/Projectiles/ZoneDamageBullet.cs
  artifactKey: Guid(ed9f8f6beb7b6d44aa0862d619d781de) Importer(815301076,1909f56bfc062723c751e8b465ee728b)
Start importing Assets/ARTechGameFramework/Examples/Projectiles/ZoneDamageBullet.cs using Guid(ed9f8f6beb7b6d44aa0862d619d781de) Importer(815301076,1909f56bfc062723c751e8b465ee728b)  -> (artifact id: '5a1a4d054fce2285a95de1fae6d8a9aa') in 0.010003 seconds 
========================================================================
Received Import Request.
  Time since last request: 0.052394 seconds.
  path: Assets/ARTechGameFramework/AI/BehaviourTree/Tasks/AvoidTypesNode.cs
  artifactKey: Guid(b50f7ed0763c9db4c95529b7f6e24cb7) Importer(815301076,1909f56bfc062723c751e8b465ee728b)
Start importing Assets/ARTechGameFramework/AI/BehaviourTree/Tasks/AvoidTypesNode.cs using Guid(b50f7ed0763c9db4c95529b7f6e24cb7) Importer(815301076,1909f56bfc062723c751e8b465ee728b)  -> (artifact id: '32192cca8f3e27dd5954a37d2f6c3ab7') in 0.010335 seconds 
========================================================================
Received Import Request.
  Time since last request: 0.044880 seconds.
  path: Assets/ARTechGameFramework/Battles/IRangedAttackHandler.cs
  artifactKey: Guid(af6719d1110515e44ad76c738801e1ad) Importer(815301076,1909f56bfc062723c751e8b465ee728b)
Start importing Assets/ARTechGameFramework/Battles/IRangedAttackHandler.cs using Guid(af6719d1110515e44ad76c738801e1ad) Importer(815301076,1909f56bfc062723c751e8b465ee728b)  -> (artifact id: 'df640c0b2d903c8f2c711db723e3ccf0') in 0.009439 seconds 
========================================================================
Received Import Request.
  Time since last request: 0.098852 seconds.
  path: Assets/ARTechGameFramework/Entities/LivingEntity.cs
  artifactKey: Guid(affc8b6e154fed24980df634bd40cde2) Importer(815301076,1909f56bfc062723c751e8b465ee728b)
Start importing Assets/ARTechGameFramework/Entities/LivingEntity.cs using Guid(affc8b6e154fed24980df634bd40cde2) Importer(815301076,1909f56bfc062723c751e8b465ee728b)  -> (artifact id: '872fba66377cc339dd64a7181d1a9935') in 0.007849 seconds 
========================================================================
Received Import Request.
  Time since last request: 0.142360 seconds.
  path: Assets/ARTechGameFramework/Entities/IEntity.cs
  artifactKey: Guid(d08ef814339bd2141806495b588b567c) Importer(815301076,1909f56bfc062723c751e8b465ee728b)
Start importing Assets/ARTechGameFramework/Entities/IEntity.cs using Guid(d08ef814339bd2141806495b588b567c) Importer(815301076,1909f56bfc062723c751e8b465ee728b)  -> (artifact id: '48ade15961a8222dfaeb3678609aaf6e') in 0.008454 seconds 
========================================================================
Received Import Request.
  Time since last request: 0.026383 seconds.
  path: Assets/ARTechGameFramework/Entities/Entity.cs
  artifactKey: Guid(5869f33ea420674478928352cf188f90) Importer(815301076,1909f56bfc062723c751e8b465ee728b)
Start importing Assets/ARTechGameFramework/Entities/Entity.cs using Guid(5869f33ea420674478928352cf188f90) Importer(815301076,1909f56bfc062723c751e8b465ee728b)  -> (artifact id: '09424fc8040fe50be0adaf932c63f33f') in 0.007763 seconds 
========================================================================
Received Import Request.
  Time since last request: 0.076975 seconds.
  path: Assets/jade goast wisp/JadeGoastWispBT.cs
  artifactKey: Guid(21388f3a9eb8e5e469c41b930fbea536) Importer(815301076,1909f56bfc062723c751e8b465ee728b)
Start importing Assets/jade goast wisp/JadeGoastWispBT.cs using Guid(21388f3a9eb8e5e469c41b930fbea536) Importer(815301076,1909f56bfc062723c751e8b465ee728b)  -> (artifact id: '0612a50e6aae0ebbc0830b66748f2c04') in 0.010862 seconds 
========================================================================
Received Import Request.
  Time since last request: 0.083018 seconds.
  path: Assets/ARTechGameFramework/AI/BehaviourTree/Tasks/WanderAroundNode.cs
  artifactKey: Guid(29ecf2d6900be6247ac2d9ea21364829) Importer(815301076,1909f56bfc062723c751e8b465ee728b)
Start importing Assets/ARTechGameFramework/AI/BehaviourTree/Tasks/WanderAroundNode.cs using Guid(29ecf2d6900be6247ac2d9ea21364829) Importer(815301076,1909f56bfc062723c751e8b465ee728b)  -> (artifact id: '3e72155a66f7fc1c3bc9650ca356f456') in 0.009799 seconds 
========================================================================
Received Import Request.
  Time since last request: 0.006417 seconds.
  path: Assets/ARTechGameFramework/AI/BehaviourTree/Tasks/AngerTypesNode.cs
  artifactKey: Guid(1fe5222a77abad448b1f279364ae0f55) Importer(815301076,1909f56bfc062723c751e8b465ee728b)
Start importing Assets/ARTechGameFramework/AI/BehaviourTree/Tasks/AngerTypesNode.cs using Guid(1fe5222a77abad448b1f279364ae0f55) Importer(815301076,1909f56bfc062723c751e8b465ee728b)  -> (artifact id: 'e85bd7d3fe50793c739ac0adfb92d329') in 0.009084 seconds 
